<?xml version="1.0" encoding="UTF-8"?>
<!-- Generated by org.testng.reporters.JUnitReportReporter -->
<testsuite hostname="breadscrums-ThinkPad-T460" failures="0" tests="9" name="com.timik.tests.SidebarNavigationTest" time="46.109" errors="0" timestamp="2024-11-03T09:42:09 IST" skipped="0">
  <testcase classname="com.timik.tests.SidebarNavigationTest" name="testClickUserManagement" time="3.140"/>
  <system-out/>
  <testcase classname="com.timik.tests.SidebarNavigationTest" name="testClickRole" time="6.148"/>
  <system-out/>
  <testcase classname="com.timik.tests.SidebarNavigationTest" name="testClickUsers" time="6.116"/>
  <system-out/>
  <testcase classname="com.timik.tests.SidebarNavigationTest" name="testClickConfig" time="3.127"/>
  <system-out/>
  <testcase classname="com.timik.tests.SidebarNavigationTest" name="testClickWorkflow" time="6.122"/>
  <system-out/>
  <testcase classname="com.timik.tests.SidebarNavigationTest" name="testClickCustomers" time="6.113"/>
  <system-out/>
  <testcase classname="com.timik.tests.SidebarNavigationTest" name="testClickProjects" time="6.117"/>
  <system-out/>
  <testcase classname="com.timik.tests.SidebarNavigationTest" name="testClickConfiguration" time="3.119"/>
  <system-out/>
  <testcase classname="com.timik.tests.SidebarNavigationTest" name="testClickPriceList" time="6.107"/>
  <system-out/>
</testsuite> <!-- com.timik.tests.SidebarNavigationTest -->
