<?xml version="1.0" encoding="UTF-8"?>
<!-- Generated by org.testng.reporters.JUnitReportReporter -->
<testsuite hostname="breadscrums-ThinkPad-T460" failures="0" tests="13" name="com.timik.tests.SignInTest" time="141.373" errors="0" timestamp="2024-11-03T09:09:19 IST" skipped="0">
  <testcase classname="com.timik.tests.SignInTest" name="testCorrectEmailIncorrectPassword" time="12.408"/>
  <system-out/>
  <testcase classname="com.timik.tests.SignInTest" name="testIncorrectEmailCorrectPassword" time="9.972"/>
  <system-out/>
  <testcase classname="com.timik.tests.SignInTest" name="testCorrectEmailEmptyPassword" time="9.965"/>
  <system-out/>
  <testcase classname="com.timik.tests.SignInTest" name="testCorrectPasswordEmptyEmail" time="9.931"/>
  <system-out/>
  <testcase classname="com.timik.tests.SignInTest" name="testEmptyEmailEmptyPassword" time="9.920"/>
  <system-out/>
  <testcase classname="com.timik.tests.SignInTest" name="testInvalidEmailFormat" time="10.035"/>
  <system-out/>
  <testcase classname="com.timik.tests.SignInTest" name="testUnregisteredEmail" time="9.831"/>
  <system-out/>
  <testcase classname="com.timik.tests.SignInTest" name="testSpecialCharactersInEmail" time="10.091"/>
  <system-out/>
  <testcase classname="com.timik.tests.SignInTest" name="testInvalidCharactersInEmail" time="9.822"/>
  <system-out/>
  <testcase classname="com.timik.tests.SignInTest" name="testExceedingMaxLengthInEmail" time="10.564"/>
  <system-out/>
  <testcase classname="com.timik.tests.SignInTest" name="testExceedingMaxLengthInPassword" time="10.384"/>
  <system-out/>
  <testcase classname="com.timik.tests.SignInTest" name="testLeadingTrailingSpacesInPassword" time="9.976"/>
  <system-out/>
  <testcase classname="com.timik.tests.SignInTest" name="validEmailAndPassword" time="18.474"/>
  <system-out/>
</testsuite> <!-- com.timik.tests.SignInTest -->
